<?xml version="1.0" encoding="UTF-8"?>
<testsuite xmlns:xsi="http://www.w3.org/2001/XMLSchema-instance" xsi:noNamespaceSchemaLocation="https://maven.apache.org/surefire/maven-surefire-plugin/xsd/surefire-test-report.xsd" version="3.0.2" name="com.example.productservices.ProductservicesApplicationTests" time="12.135" tests="1" errors="0" skipped="0" failures="0">
  <properties>
[...]
</properties>
  <testcase name="shouldCreateProduct" classname="com.example.productservices.ProductservicesApplicationTests" time="1.059">
    <system-out><![CDATA[22:07:22.428 [main] INFO org.springframework.test.context.support.AnnotationConfigContextLoaderUtils -- Could not detect default configuration classes for test class [com.example.productservices.ProductservicesApplicationTests]: ProductservicesApplicationTests does not declare any static, non-private, non-final, nested classes annotated with @Configuration.
22:07:22.633 [main] INFO org.springframework.boot.test.context.SpringBootTestContextBootstrapper -- Found @SpringBootConfiguration com.example.productservices.ProductservicesApplication for test class com.example.productservices.ProductservicesApplicationTests
22:07:22.947 [main] INFO org.testcontainers.images.PullPolicy -- Image pull policy will be performed by: DefaultPullPolicy()
22:07:22.952 [main] INFO org.testcontainers.utility.ImageNameSubstitutor -- Image name substitution will be performed by: DefaultImageNameSubstitutor (composite of 'ConfigurationFileImageNameSubstitutor' and 'PrefixingImageNameSubstitutor')
22:07:23.024 [main] INFO org.testcontainers.DockerClientFactory -- Testcontainers version: 1.20.4
22:07:23.320 [main] INFO org.testcontainers.dockerclient.DockerClientProviderStrategy -- Loaded org.testcontainers.dockerclient.NpipeSocketClientProviderStrategy from ~/.testcontainers.properties, will try it first
22:07:23.618 [main] INFO org.testcontainers.dockerclient.DockerClientProviderStrategy -- Found Docker environment with local Npipe socket (npipe:////./pipe/docker_engine)
22:07:23.620 [main] INFO org.testcontainers.DockerClientFactory -- Docker host IP address is localhost
22:07:23.632 [main] INFO org.testcontainers.DockerClientFactory -- Connected to docker: 
  Server Version: 27.4.0
  API Version: 1.47
  Operating System: Docker Desktop
  Total Memory: 7799 MB
  Labels: 
    com.docker.desktop.address=npipe://\\.\pipe\docker_cli
22:07:23.663 [main] INFO tc.testcontainers/ryuk:0.11.0 -- Creating container for image: testcontainers/ryuk:0.11.0
22:07:23.816 [main] INFO org.testcontainers.utility.RegistryAuthLocator -- Credential helper/store (docker-credential-desktop) does not have credentials for https://index.docker.io/v1/
22:07:24.120 [main] INFO tc.testcontainers/ryuk:0.11.0 -- Container testcontainers/ryuk:0.11.0 is starting: 0d4116d27b0cf7c8c8758e38958d87c246cecd988d08ce9ae8db12bb8b84a387
22:07:25.129 [main] INFO tc.testcontainers/ryuk:0.11.0 -- Container testcontainers/ryuk:0.11.0 started in PT1.4668218S
22:07:25.135 [main] INFO org.testcontainers.utility.RyukResourceReaper -- Ryuk started - will monitor and terminate Testcontainers containers on JVM exit
22:07:25.135 [main] INFO org.testcontainers.DockerClientFactory -- Checking the system...
22:07:25.136 [main] INFO org.testcontainers.DockerClientFactory -- ?? Docker server version should be at least 1.6.0
22:07:25.137 [main] INFO tc.mongo:4.0.10 -- Creating container for image: mongo:4.0.10
22:07:25.330 [main] INFO tc.mongo:4.0.10 -- Container mongo:4.0.10 is starting: 2f9f86b78dfaa201e27d626bbd2ac750f639ea6da7f6f6d3c33666313fb17f11
22:07:27.032 [main] INFO tc.mongo:4.0.10 -- Container mongo:4.0.10 started in PT1.895175S

  .   ____          _            __ _ _
 /\\ / ___'_ __ _ _(_)_ __  __ _ \ \ \ \
( ( )\___ | '_ | '_| | '_ \/ _` | \ \ \ \
 \\/  ___)| |_)| | | | | || (_| |  ) ) ) )
  '  |____| .__|_| |_|_| |_\__, | / / / /
 =========|_|==============|___/=/_/_/_/

 :: Spring Boot ::                (v3.5.0)

2025-05-24T22:07:30.278+05:30  INFO 27360 --- [productservices] [           main] c.e.p.ProductservicesApplicationTests    : Starting ProductservicesApplicationTests using Java 17.0.10 with PID 27360 (started by 651as in E:\study\microservices\microservices-new\product-service)
2025-05-24T22:07:30.280+05:30  INFO 27360 --- [productservices] [           main] c.e.p.ProductservicesApplicationTests    : No active profile set, falling back to 1 default profile: "default"
2025-05-24T22:07:31.193+05:30  INFO 27360 --- [productservices] [           main] .s.d.r.c.RepositoryConfigurationDelegate : Bootstrapping Spring Data MongoDB repositories in DEFAULT mode.
2025-05-24T22:07:31.260+05:30  INFO 27360 --- [productservices] [           main] .s.d.r.c.RepositoryConfigurationDelegate : Finished Spring Data repository scanning in 57 ms. Found 1 MongoDB repository interface.
2025-05-24T22:07:31.871+05:30  INFO 27360 --- [productservices] [           main] org.mongodb.driver.client                : MongoClient with metadata {"driver": {"name": "mongo-java-driver|sync|spring-boot", "version": "5.4.0"}, "os": {"type": "Windows", "name": "Windows 11", "architecture": "amd64", "version": "10.0"}, "platform": "Java/Oracle Corporation/17.0.10+11-LTS-240"} created with settings MongoClientSettings{readPreference=primary, writeConcern=WriteConcern{w=null, wTimeout=null ms, journal=null}, retryWrites=true, retryReads=true, readConcern=ReadConcern{level=null}, credential=null, transportSettings=null, commandListeners=[], codecRegistry=ProvidersCodecRegistry{codecProviders=[ValueCodecProvider{}, BsonValueCodecProvider{}, DBRefCodecProvider{}, DBObjectCodecProvider{}, DocumentCodecProvider{}, CollectionCodecProvider{}, IterableCodecProvider{}, MapCodecProvider{}, GeoJsonCodecProvider{}, GridFSFileCodecProvider{}, Jsr310CodecProvider{}, JsonObjectCodecProvider{}, BsonCodecProvider{}, EnumCodecProvider{}, com.mongodb.client.model.mql.ExpressionCodecProvider@4522d793, com.mongodb.Jep395RecordCodecProvider@64dfb31d, com.mongodb.KotlinCodecProvider@4438b862]}, loggerSettings=LoggerSettings{maxDocumentLength=1000}, clusterSettings={hosts=[localhost:53852], srvServiceName=mongodb, mode=SINGLE, requiredClusterType=UNKNOWN, requiredReplicaSetName='null', serverSelector='null', clusterListeners='[]', serverSelectionTimeout='30000 ms', localThreshold='15 ms'}, socketSettings=SocketSettings{connectTimeoutMS=10000, readTimeoutMS=0, receiveBufferSize=0, proxySettings=ProxySettings{host=null, port=null, username=null, password=null}}, heartbeatSocketSettings=SocketSettings{connectTimeoutMS=10000, readTimeoutMS=10000, receiveBufferSize=0, proxySettings=ProxySettings{host=null, port=null, username=null, password=null}}, connectionPoolSettings=ConnectionPoolSettings{maxSize=100, minSize=0, maxWaitTimeMS=120000, maxConnectionLifeTimeMS=0, maxConnectionIdleTimeMS=0, maintenanceInitialDelayMS=0, maintenanceFrequencyMS=60000, connectionPoolListeners=[], maxConnecting=2}, serverSettings=ServerSettings{heartbeatFrequencyMS=10000, minHeartbeatFrequencyMS=500, serverMonitoringMode=AUTO, serverListeners='[]', serverMonitorListeners='[]'}, sslSettings=SslSettings{enabled=false, invalidHostNameAllowed=false, context=null}, applicationName='null', compressorList=[], uuidRepresentation=JAVA_LEGACY, serverApi=null, autoEncryptionSettings=null, dnsClient=null, inetAddressResolver=null, contextProvider=null, timeoutMS=null}
2025-05-24T22:07:31.902+05:30  INFO 27360 --- [productservices] [localhost:53852] org.mongodb.driver.cluster               : Monitor thread successfully connected to server with description ServerDescription{address=localhost:53852, type=REPLICA_SET_PRIMARY, cryptd=false, state=CONNECTED, ok=true, minWireVersion=0, maxWireVersion=7, maxDocumentSize=16777216, logicalSessionTimeoutMinutes=30, roundTripTimeNanos=45347000, minRoundTripTimeNanos=0, setName='docker-rs', canonicalAddress=2f9f86b78dfa:27017, hosts=[2f9f86b78dfa:27017], passives=[], arbiters=[], primary='2f9f86b78dfa:27017', tagSet=TagSet{[]}, electionId=7fffffff0000000000000001, setVersion=1, topologyVersion=null, lastWriteDate=Sat May 24 22:07:29 IST 2025, lastUpdateTimeNanos=33328544319300}
2025-05-24T22:07:31.985+05:30  WARN 27360 --- [productservices] [           main] o.s.data.convert.CustomConversions       : Registering converter from interface java.util.List to interface org.springframework.data.domain.Vector as reading converter although it doesn't convert from a store-supported type; You might want to check your annotation setup at the converter implementation
2025-05-24T22:07:32.085+05:30  WARN 27360 --- [productservices] [           main] o.s.data.convert.CustomConversions       : Registering converter from interface java.util.List to interface org.springframework.data.domain.Vector as reading converter although it doesn't convert from a store-supported type; You might want to check your annotation setup at the converter implementation
2025-05-24T22:07:32.813+05:30  INFO 27360 --- [productservices] [           main] o.s.b.t.m.w.SpringBootMockServletContext : Initializing Spring TestDispatcherServlet ''
2025-05-24T22:07:32.814+05:30  INFO 27360 --- [productservices] [           main] o.s.t.web.servlet.TestDispatcherServlet  : Initializing Servlet ''
2025-05-24T22:07:32.817+05:30  INFO 27360 --- [productservices] [           main] o.s.t.web.servlet.TestDispatcherServlet  : Completed initialization in 1 ms
2025-05-24T22:07:32.854+05:30  INFO 27360 --- [productservices] [           main] c.e.p.ProductservicesApplicationTests    : Started ProductservicesApplicationTests in 3.158 seconds (process running for 11.346)
2025-05-24T22:07:33.852+05:30  INFO 27360 --- [productservices] [           main] c.e.p.service.ProductService             : Product 6831f5cd8eaef75cf2d0f51e is created
]]></system-out>
  </testcase>
</testsuite>